[2025-02-03T14:01:07.183105+00:00] main.CRITICAL: Magento\Framework\Exception\LocalizedException: The XML in file "/var/www/html/app/code/Devall/Signup/etc/frontend/routes.xml" is invalid:
Element 'router': No matching global declaration available for the validation root.
Line: 2

Verify the XML and try again. in /var/www/html/vendor/magento/framework/Config/Reader/Filesystem.php:156
Stack trace:
#0 /var/www/html/vendor/magento/framework/Config/Reader/Filesystem.php(132): Magento\Framework\Config\Reader\Filesystem->_readFiles(Object(Magento\Framework\Config\FileIterator))
#1 /var/www/html/generated/code/Magento/Framework/App/Route/Config/Reader/Proxy.php(95): Magento\Framework\Config\Reader\Filesystem->read('frontend')
#2 /var/www/html/vendor/magento/framework/App/Route/Config.php(92): Magento\Framework\App\Route\Config\Reader\Proxy->read('frontend')
#3 /var/www/html/vendor/magento/framework/App/Route/Config.php(109): Magento\Framework\App\Route\Config->_getRoutes('frontend')
#4 /var/www/html/vendor/magento/framework/Url.php(636): Magento\Framework\App\Route\Config->getRouteFrontName('mui', 'frontend')
#5 /var/www/html/vendor/magento/framework/Url.php(478): Magento\Framework\Url->_getRouteFrontName()
#6 /var/www/html/vendor/magento/framework/Url.php(761): Magento\Framework\Url->getBaseUrl(Array)
#7 /var/www/html/vendor/magento/framework/Url.php(929): Magento\Framework\Url->getRouteUrl('mui/index/rende...', Array)
#8 /var/www/html/vendor/magento/framework/Url.php(877): Magento\Framework\Url->createUrl('mui/index/rende...', Array)
#9 /var/www/html/vendor/magento/module-ui/Config/Argument/Parser/Url.php(52): Magento\Framework\Url->getUrl('mui/index/rende...', Array)
#10 /var/www/html/vendor/magento/framework/Data/Argument/Interpreter/Composite.php(61): Magento\Ui\Config\Argument\Parser\Url->evaluate(Array)
#11 /var/www/html/vendor/magento/framework/Data/Argument/Interpreter/ArrayType.php(53): Magento\Framework\Data\Argument\Interpreter\Composite->evaluate(Array)
#12 /var/www/html/generated/code/Magento/Framework/Data/Argument/InterpreterInterface/Proxy.php(95): Magento\Framework\Data\Argument\Interpreter\ArrayType->evaluate(Array)
#13 /var/www/html/vendor/magento/framework/Data/Argument/Interpreter/Composite.php(61): Magento\Framework\Data\Argument\InterpreterInterface\Proxy->evaluate(Array)
#14 /var/www/html/vendor/magento/framework/Data/Argument/Interpreter/ArrayType.php(53): Magento\Framework\Data\Argument\Interpreter\Composite->evaluate(Array)
#15 /var/www/html/generated/code/Magento/Framework/Data/Argument/InterpreterInterface/Proxy.php(95): Magento\Framework\Data\Argument\Interpreter\ArrayType->evaluate(Array)
#16 /var/www/html/vendor/magento/framework/Data/Argument/Interpreter/Composite.php(61): Magento\Framework\Data\Argument\InterpreterInterface\Proxy->evaluate(Array)
#17 /var/www/html/vendor/magento/module-ui/Config/Reader/Definition/Data.php(141): Magento\Framework\Data\Argument\Interpreter\Composite->evaluate(Array)
#18 /var/www/html/vendor/magento/module-ui/Config/Reader/Definition/Data.php(96): Magento\Ui\Config\Reader\Definition\Data->evaluateComponentArguments(Array)
#19 /var/www/html/vendor/magento/module-ui/Config/Reader/Definition/Data.php(75): Magento\Ui\Config\Reader\Definition\Data->initData()
#20 /var/www/html/vendor/magento/framework/ObjectManager/Factory/AbstractFactory.php(121): Magento\Ui\Config\Reader\Definition\Data->__construct(Object(Magento\Ui\Config\Reader\DefinitionFactory), Object(Magento\Framework\App\Cache\Type\Config), Object(Magento\Framework\Serialize\Serializer\Json), Object(Magento\Framework\Data\Argument\Interpreter\Composite))
#21 /var/www/html/vendor/magento/framework/ObjectManager/Factory/Dynamic/Developer.php(66): Magento\Framework\ObjectManager\Factory\AbstractFactory->createObject('Magento\\Ui\\Conf...', Array)
#22 /var/www/html/vendor/magento/framework/ObjectManager/ObjectManager.php(70): Magento\Framework\ObjectManager\Factory\Dynamic\Developer->create('Magento\\Ui\\Conf...')
#23 /var/www/html/vendor/magento/framework/ObjectManager/Factory/AbstractFactory.php(170): Magento\Framework\ObjectManager\ObjectManager->get('Magento\\Ui\\Conf...')
#24 /var/www/html/vendor/magento/framework/ObjectManager/Factory/AbstractFactory.php(276): Magento\Framework\ObjectManager\Factory\AbstractFactory->resolveArgument(Array, 'Magento\\Framewo...', NULL, 'definitionData', 'Magento\\Framewo...')
#25 /var/www/html/vendor/magento/framework/ObjectManager/Factory/AbstractFactory.php(239): Magento\Framework\ObjectManager\Factory\AbstractFactory->getResolvedArgument('Magento\\Framewo...', Array, Array)
#26 /var/www/html/vendor/magento/framework/ObjectManager/Factory/Dynamic/Developer.php(34): Magento\Framework\ObjectManager\Factory\AbstractFactory->resolveArgumentsInRuntime('Magento\\Framewo...', Array, Array)
#27 /var/www/html/vendor/magento/framework/ObjectManager/Factory/Dynamic/Developer.php(59): Magento\Framework\ObjectManager\Factory\Dynamic\Developer->_resolveArguments('Magento\\Framewo...', Array, Array)
#28 /var/www/html/vendor/magento/framework/ObjectManager/ObjectManager.php(70): Magento\Framework\ObjectManager\Factory\Dynamic\Developer->create('Magento\\Framewo...')
#29 /var/www/html/vendor/magento/framework/ObjectManager/Factory/AbstractFactory.php(170): Magento\Framework\ObjectManager\ObjectManager->get('Magento\\Framewo...')
#30 /var/www/html/vendor/magento/framework/ObjectManager/Factory/AbstractFactory.php(276): Magento\Framework\ObjectManager\Factory\AbstractFactory->resolveArgument(Array, 'Magento\\Framewo...', NULL, 'uiComponentFact...', 'Magento\\Framewo...')
#31 /var/www/html/vendor/magento/framework/ObjectManager/Factory/AbstractFactory.php(239): Magento\Framework\ObjectManager\Factory\AbstractFactory->getResolvedArgument('Magento\\Framewo...', Array, Array)
#32 /var/www/html/vendor/magento/framework/ObjectManager/Factory/Dynamic/Developer.php(34): Magento\Framework\ObjectManager\Factory\AbstractFactory->resolveArgumentsInRuntime('Magento\\Framewo...', Array, Array)
#33 /var/www/html/vendor/magento/framework/ObjectManager/Factory/Dynamic/Developer.php(59): Magento\Framework\ObjectManager\Factory\Dynamic\Developer->_resolveArguments('Magento\\Framewo...', Array, Array)
#34 /var/www/html/vendor/magento/framework/ObjectManager/ObjectManager.php(70): Magento\Framework\ObjectManager\Factory\Dynamic\Developer->create('Magento\\Framewo...')
#35 /var/www/html/vendor/magento/framework/ObjectManager/Factory/AbstractFactory.php(206): Magento\Framework\ObjectManager\ObjectManager->get('Magento\\Framewo...')
#36 /var/www/html/vendor/magento/framework/ObjectManager/Factory/AbstractFactory.php(182): Magento\Framework\ObjectManager\Factory\AbstractFactory->parseArray(Array)
#37 /var/www/html/vendor/magento/framework/ObjectManager/Factory/AbstractFactory.php(276): Magento\Framework\ObjectManager\Factory\AbstractFactory->resolveArgument(Array, NULL, NULL, 'generators', 'Magento\\Framewo...')
#38 /var/www/html/vendor/magento/framework/ObjectManager/Factory/AbstractFactory.php(239): Magento\Framework\ObjectManager\Factory\AbstractFactory->getResolvedArgument('Magento\\Framewo...', Array, Array)
#39 /var/www/html/vendor/magento/framework/ObjectManager/Factory/Dynamic/Developer.php(34): Magento\Framework\ObjectManager\Factory\AbstractFactory->resolveArgumentsInRuntime('Magento\\Framewo...', Array, Array)
#40 /var/www/html/vendor/magento/framework/ObjectManager/Factory/Dynamic/Developer.php(59): Magento\Framework\ObjectManager\Factory\Dynamic\Developer->_resolveArguments('Magento\\Framewo...', Array, Array)
#41 /var/www/html/vendor/magento/framework/ObjectManager/ObjectManager.php(70): Magento\Framework\ObjectManager\Factory\Dynamic\Developer->create('Magento\\Framewo...')
#42 /var/www/html/vendor/magento/framework/ObjectManager/Factory/AbstractFactory.php(170): Magento\Framework\ObjectManager\ObjectManager->get('Magento\\Framewo...')
#43 /var/www/html/vendor/magento/framework/ObjectManager/Factory/AbstractFactory.php(276): Magento\Framework\ObjectManager\Factory\AbstractFactory->resolveArgument(Array, 'Magento\\Framewo...', NULL, 'generatorPool', 'Magento\\Framewo...')
#44 /var/www/html/vendor/magento/framework/ObjectManager/Factory/AbstractFactory.php(239): Magento\Framework\ObjectManager\Factory\AbstractFactory->getResolvedArgument('Magento\\Framewo...', Array, Array)
#45 /var/www/html/vendor/magento/framework/ObjectManager/Factory/Dynamic/Developer.php(34): Magento\Framework\ObjectManager\Factory\AbstractFactory->resolveArgumentsInRuntime('Magento\\Framewo...', Array, Array)
#46 /var/www/html/vendor/magento/framework/ObjectManager/Factory/Dynamic/Developer.php(59): Magento\Framework\ObjectManager\Factory\Dynamic\Developer->_resolveArguments('Magento\\Framewo...', Array, Array)
#47 /var/www/html/vendor/magento/framework/ObjectManager/ObjectManager.php(70): Magento\Framework\ObjectManager\Factory\Dynamic\Developer->create('Magento\\Framewo...')
#48 /var/www/html/vendor/magento/framework/ObjectManager/Factory/AbstractFactory.php(170): Magento\Framework\ObjectManager\ObjectManager->get('Magento\\Framewo...')
#49 /var/www/html/vendor/magento/framework/ObjectManager/Factory/AbstractFactory.php(276): Magento\Framework\ObjectManager\Factory\AbstractFactory->resolveArgument(Array, 'Magento\\Framewo...', NULL, 'layout', 'Magento\\Rule\\Mo...')
#50 /var/www/html/vendor/magento/framework/ObjectManager/Factory/AbstractFactory.php(239): Magento\Framework\ObjectManager\Factory\AbstractFactory->getResolvedArgument('Magento\\Rule\\Mo...', Array, Array)
#51 /var/www/html/vendor/magento/framework/ObjectManager/Factory/Dynamic/Developer.php(34): Magento\Framework\ObjectManager\Factory\AbstractFactory->resolveArgumentsInRuntime('Magento\\Rule\\Mo...', Array, Array)
#52 /var/www/html/vendor/magento/framework/ObjectManager/Factory/Dynamic/Developer.php(59): Magento\Framework\ObjectManager\Factory\Dynamic\Developer->_resolveArguments('Magento\\Rule\\Mo...', Array, Array)
#53 /var/www/html/vendor/magento/framework/ObjectManager/ObjectManager.php(70): Magento\Framework\ObjectManager\Factory\Dynamic\Developer->create('Magento\\Rule\\Mo...')
#54 /var/www/html/vendor/magento/framework/ObjectManager/Factory/AbstractFactory.php(170): Magento\Framework\ObjectManager\ObjectManager->get('Magento\\Rule\\Mo...')
#55 /var/www/html/vendor/magento/framework/ObjectManager/Factory/AbstractFactory.php(276): Magento\Framework\ObjectManager\Factory\AbstractFactory->resolveArgument(Array, 'Magento\\Rule\\Mo...', NULL, 'context', 'Magento\\Catalog...')
#56 /var/www/html/vendor/magento/framework/ObjectManager/Factory/AbstractFactory.php(239): Magento\Framework\ObjectManager\Factory\AbstractFactory->getResolvedArgument('Magento\\Catalog...', Array, Array)
#57 /var/www/html/vendor/magento/framework/ObjectManager/Factory/Dynamic/Developer.php(34): Magento\Framework\ObjectManager\Factory\AbstractFactory->resolveArgumentsInRuntime('Magento\\Catalog...', Array, Array)
#58 /var/www/html/vendor/magento/framework/ObjectManager/Factory/Dynamic/Developer.php(59): Magento\Framework\ObjectManager\Factory\Dynamic\Developer->_resolveArguments('Magento\\Catalog...', Array, Array)
#59 /var/www/html/vendor/magento/framework/ObjectManager/ObjectManager.php(56): Magento\Framework\ObjectManager\Factory\Dynamic\Developer->create('Magento\\Catalog...', Array)
#60 /var/www/html/generated/code/Magento/CatalogRule/Model/Rule/Condition/CombineFactory.php(43): Magento\Framework\ObjectManager\ObjectManager->create('\\Magento\\Catalo...', Array)
#61 /var/www/html/vendor/magento/module-catalog-rule/Model/Rule.php(287): Magento\CatalogRule\Model\Rule\Condition\CombineFactory->create()
#62 /var/www/html/generated/code/Magento/CatalogRule/Model/Rule/Interceptor.php(23): Magento\CatalogRule\Model\Rule->getConditionsInstance()
#63 /var/www/html/vendor/magento/module-rule/Model/AbstractModel.php(272): Magento\CatalogRule\Model\Rule\Interceptor->getConditionsInstance()
#64 /var/www/html/vendor/magento/module-rule/Model/AbstractModel.php(207): Magento\Rule\Model\AbstractModel->_resetConditions()
#65 /var/www/html/generated/code/Magento/CatalogRule/Model/Rule/Interceptor.php(401): Magento\Rule\Model\AbstractModel->getConditions()
#66 /var/www/html/vendor/magento/module-catalog-rule/Model/Rule.php(358): Magento\CatalogRule\Model\Rule\Interceptor->getConditions()
#67 /var/www/html/generated/code/Magento/CatalogRule/Model/Rule/Interceptor.php(68): Magento\CatalogRule\Model\Rule->getMatchingProductIds()
#68 /var/www/html/vendor/magento/module-catalog-rule/Model/Indexer/ReindexRuleProduct.php(93): Magento\CatalogRule\Model\Rule\Interceptor->getMatchingProductIds()
#69 /var/www/html/vendor/magento/module-catalog-rule/Model/Indexer/IndexBuilder.php(355): Magento\CatalogRule\Model\Indexer\ReindexRuleProduct->execute(Object(Magento\CatalogRule\Model\Rule\Interceptor), 1000, true)
#70 /var/www/html/vendor/magento/module-catalog-rule/Model/Indexer/IndexBuilder.php(338): Magento\CatalogRule\Model\Indexer\IndexBuilder->doReindexFull()
#71 /var/www/html/vendor/magento/module-catalog-rule/Model/Indexer/AbstractIndexer.php(70): Magento\CatalogRule\Model\Indexer\IndexBuilder->reindexFull()
#72 /var/www/html/vendor/magento/framework/Interception/Interceptor.php(58): Magento\CatalogRule\Model\Indexer\AbstractIndexer->executeFull()
#73 /var/www/html/vendor/magento/framework/Interception/Interceptor.php(138): Magento\CatalogRule\Model\Indexer\Rule\RuleProductIndexer\Interceptor->___callParent('executeFull', Array)
#74 /var/www/html/vendor/magento/framework/Interception/Interceptor.php(153): Magento\CatalogRule\Model\Indexer\Rule\RuleProductIndexer\Interceptor->Magento\Framework\Interception\{closure}()
#75 /var/www/html/generated/code/Magento/CatalogRule/Model/Indexer/Rule/RuleProductIndexer/Interceptor.php(32): Magento\CatalogRule\Model\Indexer\Rule\RuleProductIndexer\Interceptor->___callPlugins('executeFull', Array, Array)
#76 /var/www/html/vendor/magento/module-indexer/Model/Indexer.php(443): Magento\CatalogRule\Model\Indexer\Rule\RuleProductIndexer\Interceptor->executeFull()
#77 /var/www/html/vendor/magento/module-indexer/Model/Indexer/DependencyDecorator.php(268): Magento\Indexer\Model\Indexer->reindexAll()
#78 /var/www/html/vendor/magento/module-configurable-sample-data/Setup/RecurringData.php(60): Magento\Indexer\Model\Indexer\DependencyDecorator->reindexAll()
#79 [internal function]: Magento\ConfigurableSampleData\Setup\RecurringData->reindex()
#80 /var/www/html/vendor/magento/framework/App/State.php(187): call_user_func_array(Array, Array)
#81 /var/www/html/generated/code/Magento/Framework/App/State/Interceptor.php(68): Magento\Framework\App\State->emulateAreaCode('crontab', Array, Array)
#82 /var/www/html/vendor/magento/module-configurable-sample-data/Setup/RecurringData.php(50): Magento\Framework\App\State\Interceptor->emulateAreaCode('crontab', Array)
#83 /var/www/html/setup/src/Magento/Setup/Model/Installer.php(1120): Magento\ConfigurableSampleData\Setup\RecurringData->install(Object(Magento\Setup\Module\DataSetup), Object(Magento\Setup\Model\ModuleContext))
#84 /var/www/html/setup/src/Magento/Setup/Model/Installer.php(963): Magento\Setup\Model\Installer->handleDBSchemaData(Object(Magento\Setup\Module\DataSetup), 'data', Array)
#85 /var/www/html/setup/src/Magento/Setup/Console/Command/UpgradeCommand.php(147): Magento\Setup\Model\Installer->installDataFixtures(Array, true)
#86 /var/www/html/vendor/symfony/console/Command/Command.php(298): Magento\Setup\Console\Command\UpgradeCommand->execute(Object(Symfony\Component\Console\Input\ArgvInput), Object(Symfony\Component\Console\Output\ConsoleOutput))
#87 /var/www/html/vendor/symfony/console/Application.php(1040): Symfony\Component\Console\Command\Command->run(Object(Symfony\Component\Console\Input\ArgvInput), Object(Symfony\Component\Console\Output\ConsoleOutput))
#88 /var/www/html/vendor/symfony/console/Application.php(301): Symfony\Component\Console\Application->doRunCommand(Object(Magento\Setup\Console\Command\UpgradeCommand), Object(Symfony\Component\Console\Input\ArgvInput), Object(Symfony\Component\Console\Output\ConsoleOutput))
#89 /var/www/html/vendor/magento/framework/Console/Cli.php(116): Symfony\Component\Console\Application->doRun(Object(Symfony\Component\Console\Input\ArgvInput), Object(Symfony\Component\Console\Output\ConsoleOutput))
#90 /var/www/html/vendor/symfony/console/Application.php(171): Magento\Framework\Console\Cli->doRun(Object(Symfony\Component\Console\Input\ArgvInput), Object(Symfony\Component\Console\Output\ConsoleOutput))
#91 /var/www/html/bin/magento(23): Symfony\Component\Console\Application->run()
#92 {main} {"exception":"[object] (Magento\\Framework\\Exception\\LocalizedException(code: 0): The XML in file \"/var/www/html/app/code/Devall/Signup/etc/frontend/routes.xml\" is invalid:
Element 'router': No matching global declaration available for the validation root.
Line: 2

Verify the XML and try again. at /var/www/html/vendor/magento/framework/Config/Reader/Filesystem.php:156)"} []
[2025-02-03T14:03:11.841328+00:00] main.CRITICAL: Magento\Framework\Exception\LocalizedException: The XML in file "/var/www/html/app/code/Devall/Signup/etc/frontend/routes.xml" is invalid:
Element 'router': No matching global declaration available for the validation root.
Line: 2

Verify the XML and try again. in /var/www/html/vendor/magento/framework/Config/Reader/Filesystem.php:156
Stack trace:
#0 /var/www/html/vendor/magento/framework/Config/Reader/Filesystem.php(132): Magento\Framework\Config\Reader\Filesystem->_readFiles(Object(Magento\Framework\Config\FileIterator))
#1 /var/www/html/generated/code/Magento/Framework/App/Route/Config/Reader/Proxy.php(95): Magento\Framework\Config\Reader\Filesystem->read('frontend')
#2 /var/www/html/vendor/magento/framework/App/Route/Config.php(92): Magento\Framework\App\Route\Config\Reader\Proxy->read('frontend')
#3 /var/www/html/vendor/magento/framework/App/Route/Config.php(109): Magento\Framework\App\Route\Config->_getRoutes('frontend')
#4 /var/www/html/vendor/magento/framework/Url.php(636): Magento\Framework\App\Route\Config->getRouteFrontName('mui', 'frontend')
#5 /var/www/html/vendor/magento/framework/Url.php(478): Magento\Framework\Url->_getRouteFrontName()
#6 /var/www/html/vendor/magento/framework/Url.php(761): Magento\Framework\Url->getBaseUrl(Array)
#7 /var/www/html/vendor/magento/framework/Url.php(929): Magento\Framework\Url->getRouteUrl('mui/index/rende...', Array)
#8 /var/www/html/vendor/magento/framework/Url.php(877): Magento\Framework\Url->createUrl('mui/index/rende...', Array)
#9 /var/www/html/vendor/magento/module-ui/Config/Argument/Parser/Url.php(52): Magento\Framework\Url->getUrl('mui/index/rende...', Array)
#10 /var/www/html/vendor/magento/framework/Data/Argument/Interpreter/Composite.php(61): Magento\Ui\Config\Argument\Parser\Url->evaluate(Array)
#11 /var/www/html/vendor/magento/framework/Data/Argument/Interpreter/ArrayType.php(53): Magento\Framework\Data\Argument\Interpreter\Composite->evaluate(Array)
#12 /var/www/html/generated/code/Magento/Framework/Data/Argument/InterpreterInterface/Proxy.php(95): Magento\Framework\Data\Argument\Interpreter\ArrayType->evaluate(Array)
#13 /var/www/html/vendor/magento/framework/Data/Argument/Interpreter/Composite.php(61): Magento\Framework\Data\Argument\InterpreterInterface\Proxy->evaluate(Array)
#14 /var/www/html/vendor/magento/framework/Data/Argument/Interpreter/ArrayType.php(53): Magento\Framework\Data\Argument\Interpreter\Composite->evaluate(Array)
#15 /var/www/html/generated/code/Magento/Framework/Data/Argument/InterpreterInterface/Proxy.php(95): Magento\Framework\Data\Argument\Interpreter\ArrayType->evaluate(Array)
#16 /var/www/html/vendor/magento/framework/Data/Argument/Interpreter/Composite.php(61): Magento\Framework\Data\Argument\InterpreterInterface\Proxy->evaluate(Array)
#17 /var/www/html/vendor/magento/module-ui/Config/Reader/Definition/Data.php(141): Magento\Framework\Data\Argument\Interpreter\Composite->evaluate(Array)
#18 /var/www/html/vendor/magento/module-ui/Config/Reader/Definition/Data.php(96): Magento\Ui\Config\Reader\Definition\Data->evaluateComponentArguments(Array)
#19 /var/www/html/vendor/magento/module-ui/Config/Reader/Definition/Data.php(75): Magento\Ui\Config\Reader\Definition\Data->initData()
#20 /var/www/html/vendor/magento/framework/ObjectManager/Factory/AbstractFactory.php(121): Magento\Ui\Config\Reader\Definition\Data->__construct(Object(Magento\Ui\Config\Reader\DefinitionFactory), Object(Magento\Framework\App\Cache\Type\Config), Object(Magento\Framework\Serialize\Serializer\Json), Object(Magento\Framework\Data\Argument\Interpreter\Composite))
#21 /var/www/html/vendor/magento/framework/ObjectManager/Factory/Dynamic/Developer.php(66): Magento\Framework\ObjectManager\Factory\AbstractFactory->createObject('Magento\\Ui\\Conf...', Array)
#22 /var/www/html/vendor/magento/framework/ObjectManager/ObjectManager.php(70): Magento\Framework\ObjectManager\Factory\Dynamic\Developer->create('Magento\\Ui\\Conf...')
#23 /var/www/html/vendor/magento/framework/ObjectManager/Factory/AbstractFactory.php(170): Magento\Framework\ObjectManager\ObjectManager->get('Magento\\Ui\\Conf...')
#24 /var/www/html/vendor/magento/framework/ObjectManager/Factory/AbstractFactory.php(276): Magento\Framework\ObjectManager\Factory\AbstractFactory->resolveArgument(Array, 'Magento\\Framewo...', NULL, 'definitionData', 'Magento\\Framewo...')
#25 /var/www/html/vendor/magento/framework/ObjectManager/Factory/AbstractFactory.php(239): Magento\Framework\ObjectManager\Factory\AbstractFactory->getResolvedArgument('Magento\\Framewo...', Array, Array)
#26 /var/www/html/vendor/magento/framework/ObjectManager/Factory/Dynamic/Developer.php(34): Magento\Framework\ObjectManager\Factory\AbstractFactory->resolveArgumentsInRuntime('Magento\\Framewo...', Array, Array)
#27 /var/www/html/vendor/magento/framework/ObjectManager/Factory/Dynamic/Developer.php(59): Magento\Framework\ObjectManager\Factory\Dynamic\Developer->_resolveArguments('Magento\\Framewo...', Array, Array)
#28 /var/www/html/vendor/magento/framework/ObjectManager/ObjectManager.php(70): Magento\Framework\ObjectManager\Factory\Dynamic\Developer->create('Magento\\Framewo...')
#29 /var/www/html/vendor/magento/framework/ObjectManager/Factory/AbstractFactory.php(170): Magento\Framework\ObjectManager\ObjectManager->get('Magento\\Framewo...')
#30 /var/www/html/vendor/magento/framework/ObjectManager/Factory/AbstractFactory.php(276): Magento\Framework\ObjectManager\Factory\AbstractFactory->resolveArgument(Array, 'Magento\\Framewo...', NULL, 'uiComponentFact...', 'Magento\\Framewo...')
#31 /var/www/html/vendor/magento/framework/ObjectManager/Factory/AbstractFactory.php(239): Magento\Framework\ObjectManager\Factory\AbstractFactory->getResolvedArgument('Magento\\Framewo...', Array, Array)
#32 /var/www/html/vendor/magento/framework/ObjectManager/Factory/Dynamic/Developer.php(34): Magento\Framework\ObjectManager\Factory\AbstractFactory->resolveArgumentsInRuntime('Magento\\Framewo...', Array, Array)
#33 /var/www/html/vendor/magento/framework/ObjectManager/Factory/Dynamic/Developer.php(59): Magento\Framework\ObjectManager\Factory\Dynamic\Developer->_resolveArguments('Magento\\Framewo...', Array, Array)
#34 /var/www/html/vendor/magento/framework/ObjectManager/ObjectManager.php(70): Magento\Framework\ObjectManager\Factory\Dynamic\Developer->create('Magento\\Framewo...')
#35 /var/www/html/vendor/magento/framework/ObjectManager/Factory/AbstractFactory.php(206): Magento\Framework\ObjectManager\ObjectManager->get('Magento\\Framewo...')
#36 /var/www/html/vendor/magento/framework/ObjectManager/Factory/AbstractFactory.php(182): Magento\Framework\ObjectManager\Factory\AbstractFactory->parseArray(Array)
#37 /var/www/html/vendor/magento/framework/ObjectManager/Factory/AbstractFactory.php(276): Magento\Framework\ObjectManager\Factory\AbstractFactory->resolveArgument(Array, NULL, NULL, 'generators', 'Magento\\Framewo...')
#38 /var/www/html/vendor/magento/framework/ObjectManager/Factory/AbstractFactory.php(239): Magento\Framework\ObjectManager\Factory\AbstractFactory->getResolvedArgument('Magento\\Framewo...', Array, Array)
#39 /var/www/html/vendor/magento/framework/ObjectManager/Factory/Dynamic/Developer.php(34): Magento\Framework\ObjectManager\Factory\AbstractFactory->resolveArgumentsInRuntime('Magento\\Framewo...', Array, Array)
#40 /var/www/html/vendor/magento/framework/ObjectManager/Factory/Dynamic/Developer.php(59): Magento\Framework\ObjectManager\Factory\Dynamic\Developer->_resolveArguments('Magento\\Framewo...', Array, Array)
#41 /var/www/html/vendor/magento/framework/ObjectManager/ObjectManager.php(70): Magento\Framework\ObjectManager\Factory\Dynamic\Developer->create('Magento\\Framewo...')
#42 /var/www/html/vendor/magento/framework/ObjectManager/Factory/AbstractFactory.php(170): Magento\Framework\ObjectManager\ObjectManager->get('Magento\\Framewo...')
#43 /var/www/html/vendor/magento/framework/ObjectManager/Factory/AbstractFactory.php(276): Magento\Framework\ObjectManager\Factory\AbstractFactory->resolveArgument(Array, 'Magento\\Framewo...', NULL, 'generatorPool', 'Magento\\Framewo...')
#44 /var/www/html/vendor/magento/framework/ObjectManager/Factory/AbstractFactory.php(239): Magento\Framework\ObjectManager\Factory\AbstractFactory->getResolvedArgument('Magento\\Framewo...', Array, Array)
#45 /var/www/html/vendor/magento/framework/ObjectManager/Factory/Dynamic/Developer.php(34): Magento\Framework\ObjectManager\Factory\AbstractFactory->resolveArgumentsInRuntime('Magento\\Framewo...', Array, Array)
#46 /var/www/html/vendor/magento/framework/ObjectManager/Factory/Dynamic/Developer.php(59): Magento\Framework\ObjectManager\Factory\Dynamic\Developer->_resolveArguments('Magento\\Framewo...', Array, Array)
#47 /var/www/html/vendor/magento/framework/ObjectManager/ObjectManager.php(70): Magento\Framework\ObjectManager\Factory\Dynamic\Developer->create('Magento\\Framewo...')
#48 /var/www/html/vendor/magento/framework/ObjectManager/Factory/AbstractFactory.php(170): Magento\Framework\ObjectManager\ObjectManager->get('Magento\\Framewo...')
#49 /var/www/html/vendor/magento/framework/ObjectManager/Factory/AbstractFactory.php(276): Magento\Framework\ObjectManager\Factory\AbstractFactory->resolveArgument(Array, 'Magento\\Framewo...', NULL, 'layout', 'Magento\\Rule\\Mo...')
#50 /var/www/html/vendor/magento/framework/ObjectManager/Factory/AbstractFactory.php(239): Magento\Framework\ObjectManager\Factory\AbstractFactory->getResolvedArgument('Magento\\Rule\\Mo...', Array, Array)
#51 /var/www/html/vendor/magento/framework/ObjectManager/Factory/Dynamic/Developer.php(34): Magento\Framework\ObjectManager\Factory\AbstractFactory->resolveArgumentsInRuntime('Magento\\Rule\\Mo...', Array, Array)
#52 /var/www/html/vendor/magento/framework/ObjectManager/Factory/Dynamic/Developer.php(59): Magento\Framework\ObjectManager\Factory\Dynamic\Developer->_resolveArguments('Magento\\Rule\\Mo...', Array, Array)
#53 /var/www/html/vendor/magento/framework/ObjectManager/ObjectManager.php(70): Magento\Framework\ObjectManager\Factory\Dynamic\Developer->create('Magento\\Rule\\Mo...')
#54 /var/www/html/vendor/magento/framework/ObjectManager/Factory/AbstractFactory.php(170): Magento\Framework\ObjectManager\ObjectManager->get('Magento\\Rule\\Mo...')
#55 /var/www/html/vendor/magento/framework/ObjectManager/Factory/AbstractFactory.php(276): Magento\Framework\ObjectManager\Factory\AbstractFactory->resolveArgument(Array, 'Magento\\Rule\\Mo...', NULL, 'context', 'Magento\\Catalog...')
#56 /var/www/html/vendor/magento/framework/ObjectManager/Factory/AbstractFactory.php(239): Magento\Framework\ObjectManager\Factory\AbstractFactory->getResolvedArgument('Magento\\Catalog...', Array, Array)
#57 /var/www/html/vendor/magento/framework/ObjectManager/Factory/Dynamic/Developer.php(34): Magento\Framework\ObjectManager\Factory\AbstractFactory->resolveArgumentsInRuntime('Magento\\Catalog...', Array, Array)
#58 /var/www/html/vendor/magento/framework/ObjectManager/Factory/Dynamic/Developer.php(59): Magento\Framework\ObjectManager\Factory\Dynamic\Developer->_resolveArguments('Magento\\Catalog...', Array, Array)
#59 /var/www/html/vendor/magento/framework/ObjectManager/ObjectManager.php(56): Magento\Framework\ObjectManager\Factory\Dynamic\Developer->create('Magento\\Catalog...', Array)
#60 /var/www/html/generated/code/Magento/CatalogRule/Model/Rule/Condition/CombineFactory.php(43): Magento\Framework\ObjectManager\ObjectManager->create('\\Magento\\Catalo...', Array)
#61 /var/www/html/vendor/magento/module-catalog-rule/Model/Rule.php(287): Magento\CatalogRule\Model\Rule\Condition\CombineFactory->create()
#62 /var/www/html/generated/code/Magento/CatalogRule/Model/Rule/Interceptor.php(23): Magento\CatalogRule\Model\Rule->getConditionsInstance()
#63 /var/www/html/vendor/magento/module-rule/Model/AbstractModel.php(272): Magento\CatalogRule\Model\Rule\Interceptor->getConditionsInstance()
#64 /var/www/html/vendor/magento/module-rule/Model/AbstractModel.php(207): Magento\Rule\Model\AbstractModel->_resetConditions()
#65 /var/www/html/generated/code/Magento/CatalogRule/Model/Rule/Interceptor.php(401): Magento\Rule\Model\AbstractModel->getConditions()
#66 /var/www/html/vendor/magento/module-catalog-rule/Model/Rule.php(358): Magento\CatalogRule\Model\Rule\Interceptor->getConditions()
#67 /var/www/html/generated/code/Magento/CatalogRule/Model/Rule/Interceptor.php(68): Magento\CatalogRule\Model\Rule->getMatchingProductIds()
#68 /var/www/html/vendor/magento/module-catalog-rule/Model/Indexer/ReindexRuleProduct.php(93): Magento\CatalogRule\Model\Rule\Interceptor->getMatchingProductIds()
#69 /var/www/html/vendor/magento/module-catalog-rule/Model/Indexer/IndexBuilder.php(355): Magento\CatalogRule\Model\Indexer\ReindexRuleProduct->execute(Object(Magento\CatalogRule\Model\Rule\Interceptor), 1000, true)
#70 /var/www/html/vendor/magento/module-catalog-rule/Model/Indexer/IndexBuilder.php(338): Magento\CatalogRule\Model\Indexer\IndexBuilder->doReindexFull()
#71 /var/www/html/vendor/magento/module-catalog-rule/Model/Indexer/AbstractIndexer.php(70): Magento\CatalogRule\Model\Indexer\IndexBuilder->reindexFull()
#72 /var/www/html/vendor/magento/framework/Interception/Interceptor.php(58): Magento\CatalogRule\Model\Indexer\AbstractIndexer->executeFull()
#73 /var/www/html/vendor/magento/framework/Interception/Interceptor.php(138): Magento\CatalogRule\Model\Indexer\Rule\RuleProductIndexer\Interceptor->___callParent('executeFull', Array)
#74 /var/www/html/vendor/magento/framework/Interception/Interceptor.php(153): Magento\CatalogRule\Model\Indexer\Rule\RuleProductIndexer\Interceptor->Magento\Framework\Interception\{closure}()
#75 /var/www/html/generated/code/Magento/CatalogRule/Model/Indexer/Rule/RuleProductIndexer/Interceptor.php(32): Magento\CatalogRule\Model\Indexer\Rule\RuleProductIndexer\Interceptor->___callPlugins('executeFull', Array, Array)
#76 /var/www/html/vendor/magento/module-indexer/Model/Indexer.php(443): Magento\CatalogRule\Model\Indexer\Rule\RuleProductIndexer\Interceptor->executeFull()
#77 /var/www/html/vendor/magento/module-indexer/Model/Indexer/DependencyDecorator.php(268): Magento\Indexer\Model\Indexer->reindexAll()
#78 /var/www/html/vendor/magento/module-configurable-sample-data/Setup/RecurringData.php(60): Magento\Indexer\Model\Indexer\DependencyDecorator->reindexAll()
#79 [internal function]: Magento\ConfigurableSampleData\Setup\RecurringData->reindex()
#80 /var/www/html/vendor/magento/framework/App/State.php(187): call_user_func_array(Array, Array)
#81 /var/www/html/generated/code/Magento/Framework/App/State/Interceptor.php(68): Magento\Framework\App\State->emulateAreaCode('crontab', Array, Array)
#82 /var/www/html/vendor/magento/module-configurable-sample-data/Setup/RecurringData.php(50): Magento\Framework\App\State\Interceptor->emulateAreaCode('crontab', Array)
#83 /var/www/html/setup/src/Magento/Setup/Model/Installer.php(1120): Magento\ConfigurableSampleData\Setup\RecurringData->install(Object(Magento\Setup\Module\DataSetup), Object(Magento\Setup\Model\ModuleContext))
#84 /var/www/html/setup/src/Magento/Setup/Model/Installer.php(963): Magento\Setup\Model\Installer->handleDBSchemaData(Object(Magento\Setup\Module\DataSetup), 'data', Array)
#85 /var/www/html/setup/src/Magento/Setup/Console/Command/UpgradeCommand.php(147): Magento\Setup\Model\Installer->installDataFixtures(Array, true)
#86 /var/www/html/vendor/symfony/console/Command/Command.php(298): Magento\Setup\Console\Command\UpgradeCommand->execute(Object(Symfony\Component\Console\Input\ArgvInput), Object(Symfony\Component\Console\Output\ConsoleOutput))
#87 /var/www/html/vendor/symfony/console/Application.php(1040): Symfony\Component\Console\Command\Command->run(Object(Symfony\Component\Console\Input\ArgvInput), Object(Symfony\Component\Console\Output\ConsoleOutput))
#88 /var/www/html/vendor/symfony/console/Application.php(301): Symfony\Component\Console\Application->doRunCommand(Object(Magento\Setup\Console\Command\UpgradeCommand), Object(Symfony\Component\Console\Input\ArgvInput), Object(Symfony\Component\Console\Output\ConsoleOutput))
#89 /var/www/html/vendor/magento/framework/Console/Cli.php(116): Symfony\Component\Console\Application->doRun(Object(Symfony\Component\Console\Input\ArgvInput), Object(Symfony\Component\Console\Output\ConsoleOutput))
#90 /var/www/html/vendor/symfony/console/Application.php(171): Magento\Framework\Console\Cli->doRun(Object(Symfony\Component\Console\Input\ArgvInput), Object(Symfony\Component\Console\Output\ConsoleOutput))
#91 /var/www/html/bin/magento(23): Symfony\Component\Console\Application->run()
#92 {main} {"exception":"[object] (Magento\\Framework\\Exception\\LocalizedException(code: 0): The XML in file \"/var/www/html/app/code/Devall/Signup/etc/frontend/routes.xml\" is invalid:
Element 'router': No matching global declaration available for the validation root.
Line: 2

Verify the XML and try again. at /var/www/html/vendor/magento/framework/Config/Reader/Filesystem.php:156)"} []
[2025-02-05T13:22:49.850406+00:00] main.CRITICAL: Magento\Framework\Exception\LocalizedException: The XML in file "/var/www/html/app/code/Devall/CustomCheckout/etc/frontend/routes.xml" is invalid:
Element 'route', attribute 'frontName': [facet 'pattern'] The value 'checkout/custom' is not accepted by the pattern '[A-Za-z0-9_\-]{1,}'.
Line: 4

Element 'route', attribute 'frontName': 'checkout/custom' is not a valid value of the atomic type 'routeFrontNameType'.
Line: 4

Element 'route', attribute 'frontName': Warning: No precomputed value available, the value was either invalid or something strange happend.
Line: 4

Verify the XML and try again. in /var/www/html/vendor/magento/framework/Config/Reader/Filesystem.php:156
Stack trace:
#0 /var/www/html/vendor/magento/framework/Config/Reader/Filesystem.php(132): Magento\Framework\Config\Reader\Filesystem->_readFiles(Object(Magento\Framework\Config\FileIterator))
#1 /var/www/html/generated/code/Magento/Framework/App/Route/Config/Reader/Proxy.php(95): Magento\Framework\Config\Reader\Filesystem->read('frontend')
#2 /var/www/html/vendor/magento/framework/App/Route/Config.php(92): Magento\Framework\App\Route\Config\Reader\Proxy->read('frontend')
#3 /var/www/html/vendor/magento/framework/App/Route/Config.php(109): Magento\Framework\App\Route\Config->_getRoutes('frontend')
#4 /var/www/html/vendor/magento/framework/Url.php(636): Magento\Framework\App\Route\Config->getRouteFrontName('mui', 'frontend')
#5 /var/www/html/vendor/magento/framework/Url.php(478): Magento\Framework\Url->_getRouteFrontName()
#6 /var/www/html/vendor/magento/framework/Url.php(761): Magento\Framework\Url->getBaseUrl(Array)
#7 /var/www/html/vendor/magento/framework/Url.php(929): Magento\Framework\Url->getRouteUrl('mui/index/rende...', Array)
#8 /var/www/html/vendor/magento/framework/Url.php(877): Magento\Framework\Url->createUrl('mui/index/rende...', Array)
#9 /var/www/html/vendor/magento/module-ui/Config/Argument/Parser/Url.php(52): Magento\Framework\Url->getUrl('mui/index/rende...', Array)
#10 /var/www/html/vendor/magento/framework/Data/Argument/Interpreter/Composite.php(61): Magento\Ui\Config\Argument\Parser\Url->evaluate(Array)
#11 /var/www/html/vendor/magento/framework/Data/Argument/Interpreter/ArrayType.php(53): Magento\Framework\Data\Argument\Interpreter\Composite->evaluate(Array)
#12 /var/www/html/generated/code/Magento/Framework/Data/Argument/InterpreterInterface/Proxy.php(95): Magento\Framework\Data\Argument\Interpreter\ArrayType->evaluate(Array)
#13 /var/www/html/vendor/magento/framework/Data/Argument/Interpreter/Composite.php(61): Magento\Framework\Data\Argument\InterpreterInterface\Proxy->evaluate(Array)
#14 /var/www/html/vendor/magento/framework/Data/Argument/Interpreter/ArrayType.php(53): Magento\Framework\Data\Argument\Interpreter\Composite->evaluate(Array)
#15 /var/www/html/generated/code/Magento/Framework/Data/Argument/InterpreterInterface/Proxy.php(95): Magento\Framework\Data\Argument\Interpreter\ArrayType->evaluate(Array)
#16 /var/www/html/vendor/magento/framework/Data/Argument/Interpreter/Composite.php(61): Magento\Framework\Data\Argument\InterpreterInterface\Proxy->evaluate(Array)
#17 /var/www/html/vendor/magento/module-ui/Config/Reader/Definition/Data.php(141): Magento\Framework\Data\Argument\Interpreter\Composite->evaluate(Array)
#18 /var/www/html/vendor/magento/module-ui/Config/Reader/Definition/Data.php(96): Magento\Ui\Config\Reader\Definition\Data->evaluateComponentArguments(Array)
#19 /var/www/html/vendor/magento/module-ui/Config/Reader/Definition/Data.php(75): Magento\Ui\Config\Reader\Definition\Data->initData()
#20 /var/www/html/vendor/magento/framework/ObjectManager/Factory/AbstractFactory.php(121): Magento\Ui\Config\Reader\Definition\Data->__construct(Object(Magento\Ui\Config\Reader\DefinitionFactory), Object(Magento\Framework\App\Cache\Type\Config), Object(Magento\Framework\Serialize\Serializer\Json), Object(Magento\Framework\Data\Argument\Interpreter\Composite))
#21 /var/www/html/vendor/magento/framework/ObjectManager/Factory/Dynamic/Developer.php(66): Magento\Framework\ObjectManager\Factory\AbstractFactory->createObject('Magento\\Ui\\Conf...', Array)
#22 /var/www/html/vendor/magento/framework/ObjectManager/ObjectManager.php(70): Magento\Framework\ObjectManager\Factory\Dynamic\Developer->create('Magento\\Ui\\Conf...')
#23 /var/www/html/vendor/magento/framework/ObjectManager/Factory/AbstractFactory.php(170): Magento\Framework\ObjectManager\ObjectManager->get('Magento\\Ui\\Conf...')
#24 /var/www/html/vendor/magento/framework/ObjectManager/Factory/AbstractFactory.php(276): Magento\Framework\ObjectManager\Factory\AbstractFactory->resolveArgument(Array, 'Magento\\Framewo...', NULL, 'definitionData', 'Magento\\Framewo...')
#25 /var/www/html/vendor/magento/framework/ObjectManager/Factory/AbstractFactory.php(239): Magento\Framework\ObjectManager\Factory\AbstractFactory->getResolvedArgument('Magento\\Framewo...', Array, Array)
#26 /var/www/html/vendor/magento/framework/ObjectManager/Factory/Dynamic/Developer.php(34): Magento\Framework\ObjectManager\Factory\AbstractFactory->resolveArgumentsInRuntime('Magento\\Framewo...', Array, Array)
#27 /var/www/html/vendor/magento/framework/ObjectManager/Factory/Dynamic/Developer.php(59): Magento\Framework\ObjectManager\Factory\Dynamic\Developer->_resolveArguments('Magento\\Framewo...', Array, Array)
#28 /var/www/html/vendor/magento/framework/ObjectManager/ObjectManager.php(70): Magento\Framework\ObjectManager\Factory\Dynamic\Developer->create('Magento\\Framewo...')
#29 /var/www/html/vendor/magento/framework/ObjectManager/Factory/AbstractFactory.php(170): Magento\Framework\ObjectManager\ObjectManager->get('Magento\\Framewo...')
#30 /var/www/html/vendor/magento/framework/ObjectManager/Factory/AbstractFactory.php(276): Magento\Framework\ObjectManager\Factory\AbstractFactory->resolveArgument(Array, 'Magento\\Framewo...', NULL, 'uiComponentFact...', 'Magento\\Framewo...')
#31 /var/www/html/vendor/magento/framework/ObjectManager/Factory/AbstractFactory.php(239): Magento\Framework\ObjectManager\Factory\AbstractFactory->getResolvedArgument('Magento\\Framewo...', Array, Array)
#32 /var/www/html/vendor/magento/framework/ObjectManager/Factory/Dynamic/Developer.php(34): Magento\Framework\ObjectManager\Factory\AbstractFactory->resolveArgumentsInRuntime('Magento\\Framewo...', Array, Array)
#33 /var/www/html/vendor/magento/framework/ObjectManager/Factory/Dynamic/Developer.php(59): Magento\Framework\ObjectManager\Factory\Dynamic\Developer->_resolveArguments('Magento\\Framewo...', Array, Array)
#34 /var/www/html/vendor/magento/framework/ObjectManager/ObjectManager.php(70): Magento\Framework\ObjectManager\Factory\Dynamic\Developer->create('Magento\\Framewo...')
#35 /var/www/html/vendor/magento/framework/ObjectManager/Factory/AbstractFactory.php(206): Magento\Framework\ObjectManager\ObjectManager->get('Magento\\Framewo...')
#36 /var/www/html/vendor/magento/framework/ObjectManager/Factory/AbstractFactory.php(182): Magento\Framework\ObjectManager\Factory\AbstractFactory->parseArray(Array)
#37 /var/www/html/vendor/magento/framework/ObjectManager/Factory/AbstractFactory.php(276): Magento\Framework\ObjectManager\Factory\AbstractFactory->resolveArgument(Array, NULL, NULL, 'generators', 'Magento\\Framewo...')
#38 /var/www/html/vendor/magento/framework/ObjectManager/Factory/AbstractFactory.php(239): Magento\Framework\ObjectManager\Factory\AbstractFactory->getResolvedArgument('Magento\\Framewo...', Array, Array)
#39 /var/www/html/vendor/magento/framework/ObjectManager/Factory/Dynamic/Developer.php(34): Magento\Framework\ObjectManager\Factory\AbstractFactory->resolveArgumentsInRuntime('Magento\\Framewo...', Array, Array)
#40 /var/www/html/vendor/magento/framework/ObjectManager/Factory/Dynamic/Developer.php(59): Magento\Framework\ObjectManager\Factory\Dynamic\Developer->_resolveArguments('Magento\\Framewo...', Array, Array)
#41 /var/www/html/vendor/magento/framework/ObjectManager/ObjectManager.php(70): Magento\Framework\ObjectManager\Factory\Dynamic\Developer->create('Magento\\Framewo...')
#42 /var/www/html/vendor/magento/framework/ObjectManager/Factory/AbstractFactory.php(170): Magento\Framework\ObjectManager\ObjectManager->get('Magento\\Framewo...')
#43 /var/www/html/vendor/magento/framework/ObjectManager/Factory/AbstractFactory.php(276): Magento\Framework\ObjectManager\Factory\AbstractFactory->resolveArgument(Array, 'Magento\\Framewo...', NULL, 'generatorPool', 'Magento\\Framewo...')
#44 /var/www/html/vendor/magento/framework/ObjectManager/Factory/AbstractFactory.php(239): Magento\Framework\ObjectManager\Factory\AbstractFactory->getResolvedArgument('Magento\\Framewo...', Array, Array)
#45 /var/www/html/vendor/magento/framework/ObjectManager/Factory/Dynamic/Developer.php(34): Magento\Framework\ObjectManager\Factory\AbstractFactory->resolveArgumentsInRuntime('Magento\\Framewo...', Array, Array)
#46 /var/www/html/vendor/magento/framework/ObjectManager/Factory/Dynamic/Developer.php(59): Magento\Framework\ObjectManager\Factory\Dynamic\Developer->_resolveArguments('Magento\\Framewo...', Array, Array)
#47 /var/www/html/vendor/magento/framework/ObjectManager/ObjectManager.php(70): Magento\Framework\ObjectManager\Factory\Dynamic\Developer->create('Magento\\Framewo...')
#48 /var/www/html/vendor/magento/framework/ObjectManager/Factory/AbstractFactory.php(170): Magento\Framework\ObjectManager\ObjectManager->get('Magento\\Framewo...')
#49 /var/www/html/vendor/magento/framework/ObjectManager/Factory/AbstractFactory.php(276): Magento\Framework\ObjectManager\Factory\AbstractFactory->resolveArgument(Array, 'Magento\\Framewo...', NULL, 'layout', 'Magento\\Rule\\Mo...')
#50 /var/www/html/vendor/magento/framework/ObjectManager/Factory/AbstractFactory.php(239): Magento\Framework\ObjectManager\Factory\AbstractFactory->getResolvedArgument('Magento\\Rule\\Mo...', Array, Array)
#51 /var/www/html/vendor/magento/framework/ObjectManager/Factory/Dynamic/Developer.php(34): Magento\Framework\ObjectManager\Factory\AbstractFactory->resolveArgumentsInRuntime('Magento\\Rule\\Mo...', Array, Array)
#52 /var/www/html/vendor/magento/framework/ObjectManager/Factory/Dynamic/Developer.php(59): Magento\Framework\ObjectManager\Factory\Dynamic\Developer->_resolveArguments('Magento\\Rule\\Mo...', Array, Array)
#53 /var/www/html/vendor/magento/framework/ObjectManager/ObjectManager.php(70): Magento\Framework\ObjectManager\Factory\Dynamic\Developer->create('Magento\\Rule\\Mo...')
#54 /var/www/html/vendor/magento/framework/ObjectManager/Factory/AbstractFactory.php(170): Magento\Framework\ObjectManager\ObjectManager->get('Magento\\Rule\\Mo...')
#55 /var/www/html/vendor/magento/framework/ObjectManager/Factory/AbstractFactory.php(276): Magento\Framework\ObjectManager\Factory\AbstractFactory->resolveArgument(Array, 'Magento\\Rule\\Mo...', NULL, 'context', 'Magento\\Catalog...')
#56 /var/www/html/vendor/magento/framework/ObjectManager/Factory/AbstractFactory.php(239): Magento\Framework\ObjectManager\Factory\AbstractFactory->getResolvedArgument('Magento\\Catalog...', Array, Array)
#57 /var/www/html/vendor/magento/framework/ObjectManager/Factory/Dynamic/Developer.php(34): Magento\Framework\ObjectManager\Factory\AbstractFactory->resolveArgumentsInRuntime('Magento\\Catalog...', Array, Array)
#58 /var/www/html/vendor/magento/framework/ObjectManager/Factory/Dynamic/Developer.php(59): Magento\Framework\ObjectManager\Factory\Dynamic\Developer->_resolveArguments('Magento\\Catalog...', Array, Array)
#59 /var/www/html/vendor/magento/framework/ObjectManager/ObjectManager.php(56): Magento\Framework\ObjectManager\Factory\Dynamic\Developer->create('Magento\\Catalog...', Array)
#60 /var/www/html/generated/code/Magento/CatalogRule/Model/Rule/Condition/CombineFactory.php(43): Magento\Framework\ObjectManager\ObjectManager->create('\\Magento\\Catalo...', Array)
#61 /var/www/html/vendor/magento/module-catalog-rule/Model/Rule.php(287): Magento\CatalogRule\Model\Rule\Condition\CombineFactory->create()
#62 /var/www/html/generated/code/Magento/CatalogRule/Model/Rule/Interceptor.php(23): Magento\CatalogRule\Model\Rule->getConditionsInstance()
#63 /var/www/html/vendor/magento/module-rule/Model/AbstractModel.php(272): Magento\CatalogRule\Model\Rule\Interceptor->getConditionsInstance()
#64 /var/www/html/vendor/magento/module-rule/Model/AbstractModel.php(207): Magento\Rule\Model\AbstractModel->_resetConditions()
#65 /var/www/html/generated/code/Magento/CatalogRule/Model/Rule/Interceptor.php(401): Magento\Rule\Model\AbstractModel->getConditions()
#66 /var/www/html/vendor/magento/module-catalog-rule/Model/Rule.php(358): Magento\CatalogRule\Model\Rule\Interceptor->getConditions()
#67 /var/www/html/generated/code/Magento/CatalogRule/Model/Rule/Interceptor.php(68): Magento\CatalogRule\Model\Rule->getMatchingProductIds()
#68 /var/www/html/vendor/magento/module-catalog-rule/Model/Indexer/ReindexRuleProduct.php(93): Magento\CatalogRule\Model\Rule\Interceptor->getMatchingProductIds()
#69 /var/www/html/vendor/magento/module-catalog-rule/Model/Indexer/IndexBuilder.php(355): Magento\CatalogRule\Model\Indexer\ReindexRuleProduct->execute(Object(Magento\CatalogRule\Model\Rule\Interceptor), 1000, true)
#70 /var/www/html/vendor/magento/module-catalog-rule/Model/Indexer/IndexBuilder.php(338): Magento\CatalogRule\Model\Indexer\IndexBuilder->doReindexFull()
#71 /var/www/html/vendor/magento/module-catalog-rule/Model/Indexer/AbstractIndexer.php(70): Magento\CatalogRule\Model\Indexer\IndexBuilder->reindexFull()
#72 /var/www/html/vendor/magento/framework/Interception/Interceptor.php(58): Magento\CatalogRule\Model\Indexer\AbstractIndexer->executeFull()
#73 /var/www/html/vendor/magento/framework/Interception/Interceptor.php(138): Magento\CatalogRule\Model\Indexer\Rule\RuleProductIndexer\Interceptor->___callParent('executeFull', Array)
#74 /var/www/html/vendor/magento/framework/Interception/Interceptor.php(153): Magento\CatalogRule\Model\Indexer\Rule\RuleProductIndexer\Interceptor->Magento\Framework\Interception\{closure}()
#75 /var/www/html/generated/code/Magento/CatalogRule/Model/Indexer/Rule/RuleProductIndexer/Interceptor.php(32): Magento\CatalogRule\Model\Indexer\Rule\RuleProductIndexer\Interceptor->___callPlugins('executeFull', Array, Array)
#76 /var/www/html/vendor/magento/module-indexer/Model/Indexer.php(443): Magento\CatalogRule\Model\Indexer\Rule\RuleProductIndexer\Interceptor->executeFull()
#77 /var/www/html/vendor/magento/module-indexer/Model/Indexer/DependencyDecorator.php(268): Magento\Indexer\Model\Indexer->reindexAll()
#78 /var/www/html/vendor/magento/module-configurable-sample-data/Setup/RecurringData.php(60): Magento\Indexer\Model\Indexer\DependencyDecorator->reindexAll()
#79 [internal function]: Magento\ConfigurableSampleData\Setup\RecurringData->reindex()
#80 /var/www/html/vendor/magento/framework/App/State.php(187): call_user_func_array(Array, Array)
#81 /var/www/html/generated/code/Magento/Framework/App/State/Interceptor.php(68): Magento\Framework\App\State->emulateAreaCode('crontab', Array, Array)
#82 /var/www/html/vendor/magento/module-configurable-sample-data/Setup/RecurringData.php(50): Magento\Framework\App\State\Interceptor->emulateAreaCode('crontab', Array)
#83 /var/www/html/setup/src/Magento/Setup/Model/Installer.php(1120): Magento\ConfigurableSampleData\Setup\RecurringData->install(Object(Magento\Setup\Module\DataSetup), Object(Magento\Setup\Model\ModuleContext))
#84 /var/www/html/setup/src/Magento/Setup/Model/Installer.php(963): Magento\Setup\Model\Installer->handleDBSchemaData(Object(Magento\Setup\Module\DataSetup), 'data', Array)
#85 /var/www/html/setup/src/Magento/Setup/Console/Command/UpgradeCommand.php(147): Magento\Setup\Model\Installer->installDataFixtures(Array, true)
#86 /var/www/html/vendor/symfony/console/Command/Command.php(298): Magento\Setup\Console\Command\UpgradeCommand->execute(Object(Symfony\Component\Console\Input\ArgvInput), Object(Symfony\Component\Console\Output\ConsoleOutput))
#87 /var/www/html/vendor/symfony/console/Application.php(1040): Symfony\Component\Console\Command\Command->run(Object(Symfony\Component\Console\Input\ArgvInput), Object(Symfony\Component\Console\Output\ConsoleOutput))
#88 /var/www/html/vendor/symfony/console/Application.php(301): Symfony\Component\Console\Application->doRunCommand(Object(Magento\Setup\Console\Command\UpgradeCommand), Object(Symfony\Component\Console\Input\ArgvInput), Object(Symfony\Component\Console\Output\ConsoleOutput))
#89 /var/www/html/vendor/magento/framework/Console/Cli.php(116): Symfony\Component\Console\Application->doRun(Object(Symfony\Component\Console\Input\ArgvInput), Object(Symfony\Component\Console\Output\ConsoleOutput))
#90 /var/www/html/vendor/symfony/console/Application.php(171): Magento\Framework\Console\Cli->doRun(Object(Symfony\Component\Console\Input\ArgvInput), Object(Symfony\Component\Console\Output\ConsoleOutput))
#91 /var/www/html/bin/magento(23): Symfony\Component\Console\Application->run()
#92 {main} {"exception":"[object] (Magento\\Framework\\Exception\\LocalizedException(code: 0): The XML in file \"/var/www/html/app/code/Devall/CustomCheckout/etc/frontend/routes.xml\" is invalid:
Element 'route', attribute 'frontName': [facet 'pattern'] The value 'checkout/custom' is not accepted by the pattern '[A-Za-z0-9_\\-]{1,}'.
Line: 4

Element 'route', attribute 'frontName': 'checkout/custom' is not a valid value of the atomic type 'routeFrontNameType'.
Line: 4

Element 'route', attribute 'frontName': Warning: No precomputed value available, the value was either invalid or something strange happend.
Line: 4

Verify the XML and try again. at /var/www/html/vendor/magento/framework/Config/Reader/Filesystem.php:156)"} []
[2025-02-05T13:24:55.501273+00:00] main.CRITICAL: Magento\Framework\Exception\LocalizedException: The XML in file "/var/www/html/app/code/Devall/CustomCheckout/etc/frontend/routes.xml" is invalid:
Element 'route', attribute 'frontName': [facet 'pattern'] The value 'checkout/custom' is not accepted by the pattern '[A-Za-z0-9_\-]{1,}'.
Line: 4

Element 'route', attribute 'frontName': 'checkout/custom' is not a valid value of the atomic type 'routeFrontNameType'.
Line: 4

Element 'route', attribute 'frontName': Warning: No precomputed value available, the value was either invalid or something strange happend.
Line: 4

Verify the XML and try again. in /var/www/html/vendor/magento/framework/Config/Reader/Filesystem.php:156
Stack trace:
#0 /var/www/html/vendor/magento/framework/Config/Reader/Filesystem.php(132): Magento\Framework\Config\Reader\Filesystem->_readFiles(Object(Magento\Framework\Config\FileIterator))
#1 /var/www/html/generated/code/Magento/Framework/App/Route/Config/Reader/Proxy.php(95): Magento\Framework\Config\Reader\Filesystem->read('frontend')
#2 /var/www/html/vendor/magento/framework/App/Route/Config.php(92): Magento\Framework\App\Route\Config\Reader\Proxy->read('frontend')
#3 /var/www/html/vendor/magento/framework/App/Route/Config.php(109): Magento\Framework\App\Route\Config->_getRoutes('frontend')
#4 /var/www/html/vendor/magento/framework/Url.php(636): Magento\Framework\App\Route\Config->getRouteFrontName('mui', 'frontend')
#5 /var/www/html/vendor/magento/framework/Url.php(478): Magento\Framework\Url->_getRouteFrontName()
#6 /var/www/html/vendor/magento/framework/Url.php(761): Magento\Framework\Url->getBaseUrl(Array)
#7 /var/www/html/vendor/magento/framework/Url.php(929): Magento\Framework\Url->getRouteUrl('mui/index/rende...', Array)
#8 /var/www/html/vendor/magento/framework/Url.php(877): Magento\Framework\Url->createUrl('mui/index/rende...', Array)
#9 /var/www/html/vendor/magento/module-ui/Config/Argument/Parser/Url.php(52): Magento\Framework\Url->getUrl('mui/index/rende...', Array)
#10 /var/www/html/vendor/magento/framework/Data/Argument/Interpreter/Composite.php(61): Magento\Ui\Config\Argument\Parser\Url->evaluate(Array)
#11 /var/www/html/vendor/magento/framework/Data/Argument/Interpreter/ArrayType.php(53): Magento\Framework\Data\Argument\Interpreter\Composite->evaluate(Array)
#12 /var/www/html/generated/code/Magento/Framework/Data/Argument/InterpreterInterface/Proxy.php(95): Magento\Framework\Data\Argument\Interpreter\ArrayType->evaluate(Array)
#13 /var/www/html/vendor/magento/framework/Data/Argument/Interpreter/Composite.php(61): Magento\Framework\Data\Argument\InterpreterInterface\Proxy->evaluate(Array)
#14 /var/www/html/vendor/magento/framework/Data/Argument/Interpreter/ArrayType.php(53): Magento\Framework\Data\Argument\Interpreter\Composite->evaluate(Array)
#15 /var/www/html/generated/code/Magento/Framework/Data/Argument/InterpreterInterface/Proxy.php(95): Magento\Framework\Data\Argument\Interpreter\ArrayType->evaluate(Array)
#16 /var/www/html/vendor/magento/framework/Data/Argument/Interpreter/Composite.php(61): Magento\Framework\Data\Argument\InterpreterInterface\Proxy->evaluate(Array)
#17 /var/www/html/vendor/magento/module-ui/Config/Reader/Definition/Data.php(141): Magento\Framework\Data\Argument\Interpreter\Composite->evaluate(Array)
#18 /var/www/html/vendor/magento/module-ui/Config/Reader/Definition/Data.php(96): Magento\Ui\Config\Reader\Definition\Data->evaluateComponentArguments(Array)
#19 /var/www/html/vendor/magento/module-ui/Config/Reader/Definition/Data.php(75): Magento\Ui\Config\Reader\Definition\Data->initData()
#20 /var/www/html/vendor/magento/framework/ObjectManager/Factory/AbstractFactory.php(121): Magento\Ui\Config\Reader\Definition\Data->__construct(Object(Magento\Ui\Config\Reader\DefinitionFactory), Object(Magento\Framework\App\Cache\Type\Config), Object(Magento\Framework\Serialize\Serializer\Json), Object(Magento\Framework\Data\Argument\Interpreter\Composite))
#21 /var/www/html/vendor/magento/framework/ObjectManager/Factory/Dynamic/Developer.php(66): Magento\Framework\ObjectManager\Factory\AbstractFactory->createObject('Magento\\Ui\\Conf...', Array)
#22 /var/www/html/vendor/magento/framework/ObjectManager/ObjectManager.php(70): Magento\Framework\ObjectManager\Factory\Dynamic\Developer->create('Magento\\Ui\\Conf...')
#23 /var/www/html/vendor/magento/framework/ObjectManager/Factory/AbstractFactory.php(170): Magento\Framework\ObjectManager\ObjectManager->get('Magento\\Ui\\Conf...')
#24 /var/www/html/vendor/magento/framework/ObjectManager/Factory/AbstractFactory.php(276): Magento\Framework\ObjectManager\Factory\AbstractFactory->resolveArgument(Array, 'Magento\\Framewo...', NULL, 'definitionData', 'Magento\\Framewo...')
#25 /var/www/html/vendor/magento/framework/ObjectManager/Factory/AbstractFactory.php(239): Magento\Framework\ObjectManager\Factory\AbstractFactory->getResolvedArgument('Magento\\Framewo...', Array, Array)
#26 /var/www/html/vendor/magento/framework/ObjectManager/Factory/Dynamic/Developer.php(34): Magento\Framework\ObjectManager\Factory\AbstractFactory->resolveArgumentsInRuntime('Magento\\Framewo...', Array, Array)
#27 /var/www/html/vendor/magento/framework/ObjectManager/Factory/Dynamic/Developer.php(59): Magento\Framework\ObjectManager\Factory\Dynamic\Developer->_resolveArguments('Magento\\Framewo...', Array, Array)
#28 /var/www/html/vendor/magento/framework/ObjectManager/ObjectManager.php(70): Magento\Framework\ObjectManager\Factory\Dynamic\Developer->create('Magento\\Framewo...')
#29 /var/www/html/vendor/magento/framework/ObjectManager/Factory/AbstractFactory.php(170): Magento\Framework\ObjectManager\ObjectManager->get('Magento\\Framewo...')
#30 /var/www/html/vendor/magento/framework/ObjectManager/Factory/AbstractFactory.php(276): Magento\Framework\ObjectManager\Factory\AbstractFactory->resolveArgument(Array, 'Magento\\Framewo...', NULL, 'uiComponentFact...', 'Magento\\Framewo...')
#31 /var/www/html/vendor/magento/framework/ObjectManager/Factory/AbstractFactory.php(239): Magento\Framework\ObjectManager\Factory\AbstractFactory->getResolvedArgument('Magento\\Framewo...', Array, Array)
#32 /var/www/html/vendor/magento/framework/ObjectManager/Factory/Dynamic/Developer.php(34): Magento\Framework\ObjectManager\Factory\AbstractFactory->resolveArgumentsInRuntime('Magento\\Framewo...', Array, Array)
#33 /var/www/html/vendor/magento/framework/ObjectManager/Factory/Dynamic/Developer.php(59): Magento\Framework\ObjectManager\Factory\Dynamic\Developer->_resolveArguments('Magento\\Framewo...', Array, Array)
#34 /var/www/html/vendor/magento/framework/ObjectManager/ObjectManager.php(70): Magento\Framework\ObjectManager\Factory\Dynamic\Developer->create('Magento\\Framewo...')
#35 /var/www/html/vendor/magento/framework/ObjectManager/Factory/AbstractFactory.php(206): Magento\Framework\ObjectManager\ObjectManager->get('Magento\\Framewo...')
#36 /var/www/html/vendor/magento/framework/ObjectManager/Factory/AbstractFactory.php(182): Magento\Framework\ObjectManager\Factory\AbstractFactory->parseArray(Array)
#37 /var/www/html/vendor/magento/framework/ObjectManager/Factory/AbstractFactory.php(276): Magento\Framework\ObjectManager\Factory\AbstractFactory->resolveArgument(Array, NULL, NULL, 'generators', 'Magento\\Framewo...')
#38 /var/www/html/vendor/magento/framework/ObjectManager/Factory/AbstractFactory.php(239): Magento\Framework\ObjectManager\Factory\AbstractFactory->getResolvedArgument('Magento\\Framewo...', Array, Array)
#39 /var/www/html/vendor/magento/framework/ObjectManager/Factory/Dynamic/Developer.php(34): Magento\Framework\ObjectManager\Factory\AbstractFactory->resolveArgumentsInRuntime('Magento\\Framewo...', Array, Array)
#40 /var/www/html/vendor/magento/framework/ObjectManager/Factory/Dynamic/Developer.php(59): Magento\Framework\ObjectManager\Factory\Dynamic\Developer->_resolveArguments('Magento\\Framewo...', Array, Array)
#41 /var/www/html/vendor/magento/framework/ObjectManager/ObjectManager.php(70): Magento\Framework\ObjectManager\Factory\Dynamic\Developer->create('Magento\\Framewo...')
#42 /var/www/html/vendor/magento/framework/ObjectManager/Factory/AbstractFactory.php(170): Magento\Framework\ObjectManager\ObjectManager->get('Magento\\Framewo...')
#43 /var/www/html/vendor/magento/framework/ObjectManager/Factory/AbstractFactory.php(276): Magento\Framework\ObjectManager\Factory\AbstractFactory->resolveArgument(Array, 'Magento\\Framewo...', NULL, 'generatorPool', 'Magento\\Framewo...')
#44 /var/www/html/vendor/magento/framework/ObjectManager/Factory/AbstractFactory.php(239): Magento\Framework\ObjectManager\Factory\AbstractFactory->getResolvedArgument('Magento\\Framewo...', Array, Array)
#45 /var/www/html/vendor/magento/framework/ObjectManager/Factory/Dynamic/Developer.php(34): Magento\Framework\ObjectManager\Factory\AbstractFactory->resolveArgumentsInRuntime('Magento\\Framewo...', Array, Array)
#46 /var/www/html/vendor/magento/framework/ObjectManager/Factory/Dynamic/Developer.php(59): Magento\Framework\ObjectManager\Factory\Dynamic\Developer->_resolveArguments('Magento\\Framewo...', Array, Array)
#47 /var/www/html/vendor/magento/framework/ObjectManager/ObjectManager.php(70): Magento\Framework\ObjectManager\Factory\Dynamic\Developer->create('Magento\\Framewo...')
#48 /var/www/html/vendor/magento/framework/ObjectManager/Factory/AbstractFactory.php(170): Magento\Framework\ObjectManager\ObjectManager->get('Magento\\Framewo...')
#49 /var/www/html/vendor/magento/framework/ObjectManager/Factory/AbstractFactory.php(276): Magento\Framework\ObjectManager\Factory\AbstractFactory->resolveArgument(Array, 'Magento\\Framewo...', NULL, 'layout', 'Magento\\Rule\\Mo...')
#50 /var/www/html/vendor/magento/framework/ObjectManager/Factory/AbstractFactory.php(239): Magento\Framework\ObjectManager\Factory\AbstractFactory->getResolvedArgument('Magento\\Rule\\Mo...', Array, Array)
#51 /var/www/html/vendor/magento/framework/ObjectManager/Factory/Dynamic/Developer.php(34): Magento\Framework\ObjectManager\Factory\AbstractFactory->resolveArgumentsInRuntime('Magento\\Rule\\Mo...', Array, Array)
#52 /var/www/html/vendor/magento/framework/ObjectManager/Factory/Dynamic/Developer.php(59): Magento\Framework\ObjectManager\Factory\Dynamic\Developer->_resolveArguments('Magento\\Rule\\Mo...', Array, Array)
#53 /var/www/html/vendor/magento/framework/ObjectManager/ObjectManager.php(70): Magento\Framework\ObjectManager\Factory\Dynamic\Developer->create('Magento\\Rule\\Mo...')
#54 /var/www/html/vendor/magento/framework/ObjectManager/Factory/AbstractFactory.php(170): Magento\Framework\ObjectManager\ObjectManager->get('Magento\\Rule\\Mo...')
#55 /var/www/html/vendor/magento/framework/ObjectManager/Factory/AbstractFactory.php(276): Magento\Framework\ObjectManager\Factory\AbstractFactory->resolveArgument(Array, 'Magento\\Rule\\Mo...', NULL, 'context', 'Magento\\Catalog...')
#56 /var/www/html/vendor/magento/framework/ObjectManager/Factory/AbstractFactory.php(239): Magento\Framework\ObjectManager\Factory\AbstractFactory->getResolvedArgument('Magento\\Catalog...', Array, Array)
#57 /var/www/html/vendor/magento/framework/ObjectManager/Factory/Dynamic/Developer.php(34): Magento\Framework\ObjectManager\Factory\AbstractFactory->resolveArgumentsInRuntime('Magento\\Catalog...', Array, Array)
#58 /var/www/html/vendor/magento/framework/ObjectManager/Factory/Dynamic/Developer.php(59): Magento\Framework\ObjectManager\Factory\Dynamic\Developer->_resolveArguments('Magento\\Catalog...', Array, Array)
#59 /var/www/html/vendor/magento/framework/ObjectManager/ObjectManager.php(56): Magento\Framework\ObjectManager\Factory\Dynamic\Developer->create('Magento\\Catalog...', Array)
#60 /var/www/html/generated/code/Magento/CatalogRule/Model/Rule/Condition/CombineFactory.php(43): Magento\Framework\ObjectManager\ObjectManager->create('\\Magento\\Catalo...', Array)
#61 /var/www/html/vendor/magento/module-catalog-rule/Model/Rule.php(287): Magento\CatalogRule\Model\Rule\Condition\CombineFactory->create()
#62 /var/www/html/generated/code/Magento/CatalogRule/Model/Rule/Interceptor.php(23): Magento\CatalogRule\Model\Rule->getConditionsInstance()
#63 /var/www/html/vendor/magento/module-rule/Model/AbstractModel.php(272): Magento\CatalogRule\Model\Rule\Interceptor->getConditionsInstance()
#64 /var/www/html/vendor/magento/module-rule/Model/AbstractModel.php(207): Magento\Rule\Model\AbstractModel->_resetConditions()
#65 /var/www/html/generated/code/Magento/CatalogRule/Model/Rule/Interceptor.php(401): Magento\Rule\Model\AbstractModel->getConditions()
#66 /var/www/html/vendor/magento/module-catalog-rule/Model/Rule.php(358): Magento\CatalogRule\Model\Rule\Interceptor->getConditions()
#67 /var/www/html/generated/code/Magento/CatalogRule/Model/Rule/Interceptor.php(68): Magento\CatalogRule\Model\Rule->getMatchingProductIds()
#68 /var/www/html/vendor/magento/module-catalog-rule/Model/Indexer/ReindexRuleProduct.php(93): Magento\CatalogRule\Model\Rule\Interceptor->getMatchingProductIds()
#69 /var/www/html/vendor/magento/module-catalog-rule/Model/Indexer/IndexBuilder.php(355): Magento\CatalogRule\Model\Indexer\ReindexRuleProduct->execute(Object(Magento\CatalogRule\Model\Rule\Interceptor), 1000, true)
#70 /var/www/html/vendor/magento/module-catalog-rule/Model/Indexer/IndexBuilder.php(338): Magento\CatalogRule\Model\Indexer\IndexBuilder->doReindexFull()
#71 /var/www/html/vendor/magento/module-catalog-rule/Model/Indexer/AbstractIndexer.php(70): Magento\CatalogRule\Model\Indexer\IndexBuilder->reindexFull()
#72 /var/www/html/vendor/magento/framework/Interception/Interceptor.php(58): Magento\CatalogRule\Model\Indexer\AbstractIndexer->executeFull()
#73 /var/www/html/vendor/magento/framework/Interception/Interceptor.php(138): Magento\CatalogRule\Model\Indexer\Rule\RuleProductIndexer\Interceptor->___callParent('executeFull', Array)
#74 /var/www/html/vendor/magento/framework/Interception/Interceptor.php(153): Magento\CatalogRule\Model\Indexer\Rule\RuleProductIndexer\Interceptor->Magento\Framework\Interception\{closure}()
#75 /var/www/html/generated/code/Magento/CatalogRule/Model/Indexer/Rule/RuleProductIndexer/Interceptor.php(32): Magento\CatalogRule\Model\Indexer\Rule\RuleProductIndexer\Interceptor->___callPlugins('executeFull', Array, Array)
#76 /var/www/html/vendor/magento/module-indexer/Model/Indexer.php(443): Magento\CatalogRule\Model\Indexer\Rule\RuleProductIndexer\Interceptor->executeFull()
#77 /var/www/html/vendor/magento/module-indexer/Model/Indexer/DependencyDecorator.php(268): Magento\Indexer\Model\Indexer->reindexAll()
#78 /var/www/html/vendor/magento/module-configurable-sample-data/Setup/RecurringData.php(60): Magento\Indexer\Model\Indexer\DependencyDecorator->reindexAll()
#79 [internal function]: Magento\ConfigurableSampleData\Setup\RecurringData->reindex()
#80 /var/www/html/vendor/magento/framework/App/State.php(187): call_user_func_array(Array, Array)
#81 /var/www/html/generated/code/Magento/Framework/App/State/Interceptor.php(68): Magento\Framework\App\State->emulateAreaCode('crontab', Array, Array)
#82 /var/www/html/vendor/magento/module-configurable-sample-data/Setup/RecurringData.php(50): Magento\Framework\App\State\Interceptor->emulateAreaCode('crontab', Array)
#83 /var/www/html/setup/src/Magento/Setup/Model/Installer.php(1120): Magento\ConfigurableSampleData\Setup\RecurringData->install(Object(Magento\Setup\Module\DataSetup), Object(Magento\Setup\Model\ModuleContext))
#84 /var/www/html/setup/src/Magento/Setup/Model/Installer.php(963): Magento\Setup\Model\Installer->handleDBSchemaData(Object(Magento\Setup\Module\DataSetup), 'data', Array)
#85 /var/www/html/setup/src/Magento/Setup/Console/Command/UpgradeCommand.php(147): Magento\Setup\Model\Installer->installDataFixtures(Array, true)
#86 /var/www/html/vendor/symfony/console/Command/Command.php(298): Magento\Setup\Console\Command\UpgradeCommand->execute(Object(Symfony\Component\Console\Input\ArgvInput), Object(Symfony\Component\Console\Output\ConsoleOutput))
#87 /var/www/html/vendor/symfony/console/Application.php(1040): Symfony\Component\Console\Command\Command->run(Object(Symfony\Component\Console\Input\ArgvInput), Object(Symfony\Component\Console\Output\ConsoleOutput))
#88 /var/www/html/vendor/symfony/console/Application.php(301): Symfony\Component\Console\Application->doRunCommand(Object(Magento\Setup\Console\Command\UpgradeCommand), Object(Symfony\Component\Console\Input\ArgvInput), Object(Symfony\Component\Console\Output\ConsoleOutput))
#89 /var/www/html/vendor/magento/framework/Console/Cli.php(116): Symfony\Component\Console\Application->doRun(Object(Symfony\Component\Console\Input\ArgvInput), Object(Symfony\Component\Console\Output\ConsoleOutput))
#90 /var/www/html/vendor/symfony/console/Application.php(171): Magento\Framework\Console\Cli->doRun(Object(Symfony\Component\Console\Input\ArgvInput), Object(Symfony\Component\Console\Output\ConsoleOutput))
#91 /var/www/html/bin/magento(23): Symfony\Component\Console\Application->run()
#92 {main} {"exception":"[object] (Magento\\Framework\\Exception\\LocalizedException(code: 0): The XML in file \"/var/www/html/app/code/Devall/CustomCheckout/etc/frontend/routes.xml\" is invalid:
Element 'route', attribute 'frontName': [facet 'pattern'] The value 'checkout/custom' is not accepted by the pattern '[A-Za-z0-9_\\-]{1,}'.
Line: 4

Element 'route', attribute 'frontName': 'checkout/custom' is not a valid value of the atomic type 'routeFrontNameType'.
Line: 4

Element 'route', attribute 'frontName': Warning: No precomputed value available, the value was either invalid or something strange happend.
Line: 4

Verify the XML and try again. at /var/www/html/vendor/magento/framework/Config/Reader/Filesystem.php:156)"} []
[2025-02-05T13:25:34.347028+00:00] main.CRITICAL: Magento\Framework\Exception\LocalizedException: The XML in file "/var/www/html/app/code/Devall/CustomCheckout/etc/frontend/routes.xml" is invalid:
Element 'route', attribute 'frontName': [facet 'pattern'] The value 'checkout/custom' is not accepted by the pattern '[A-Za-z0-9_\-]{1,}'.
Line: 4

Element 'route', attribute 'frontName': 'checkout/custom' is not a valid value of the atomic type 'routeFrontNameType'.
Line: 4

Element 'route', attribute 'frontName': Warning: No precomputed value available, the value was either invalid or something strange happend.
Line: 4

Verify the XML and try again. in /var/www/html/vendor/magento/framework/Config/Reader/Filesystem.php:156
Stack trace:
#0 /var/www/html/vendor/magento/framework/Config/Reader/Filesystem.php(132): Magento\Framework\Config\Reader\Filesystem->_readFiles(Object(Magento\Framework\Config\FileIterator))
#1 /var/www/html/generated/code/Magento/Framework/App/Route/Config/Reader/Proxy.php(95): Magento\Framework\Config\Reader\Filesystem->read('frontend')
#2 /var/www/html/vendor/magento/framework/App/Route/Config.php(92): Magento\Framework\App\Route\Config\Reader\Proxy->read('frontend')
#3 /var/www/html/vendor/magento/framework/App/Route/Config.php(109): Magento\Framework\App\Route\Config->_getRoutes('frontend')
#4 /var/www/html/vendor/magento/framework/Url.php(636): Magento\Framework\App\Route\Config->getRouteFrontName('mui', 'frontend')
#5 /var/www/html/vendor/magento/framework/Url.php(478): Magento\Framework\Url->_getRouteFrontName()
#6 /var/www/html/vendor/magento/framework/Url.php(761): Magento\Framework\Url->getBaseUrl(Array)
#7 /var/www/html/vendor/magento/framework/Url.php(929): Magento\Framework\Url->getRouteUrl('mui/index/rende...', Array)
#8 /var/www/html/vendor/magento/framework/Url.php(877): Magento\Framework\Url->createUrl('mui/index/rende...', Array)
#9 /var/www/html/vendor/magento/module-ui/Config/Argument/Parser/Url.php(52): Magento\Framework\Url->getUrl('mui/index/rende...', Array)
#10 /var/www/html/vendor/magento/framework/Data/Argument/Interpreter/Composite.php(61): Magento\Ui\Config\Argument\Parser\Url->evaluate(Array)
#11 /var/www/html/vendor/magento/framework/Data/Argument/Interpreter/ArrayType.php(53): Magento\Framework\Data\Argument\Interpreter\Composite->evaluate(Array)
#12 /var/www/html/generated/code/Magento/Framework/Data/Argument/InterpreterInterface/Proxy.php(95): Magento\Framework\Data\Argument\Interpreter\ArrayType->evaluate(Array)
#13 /var/www/html/vendor/magento/framework/Data/Argument/Interpreter/Composite.php(61): Magento\Framework\Data\Argument\InterpreterInterface\Proxy->evaluate(Array)
#14 /var/www/html/vendor/magento/framework/Data/Argument/Interpreter/ArrayType.php(53): Magento\Framework\Data\Argument\Interpreter\Composite->evaluate(Array)
#15 /var/www/html/generated/code/Magento/Framework/Data/Argument/InterpreterInterface/Proxy.php(95): Magento\Framework\Data\Argument\Interpreter\ArrayType->evaluate(Array)
#16 /var/www/html/vendor/magento/framework/Data/Argument/Interpreter/Composite.php(61): Magento\Framework\Data\Argument\InterpreterInterface\Proxy->evaluate(Array)
#17 /var/www/html/vendor/magento/module-ui/Config/Reader/Definition/Data.php(141): Magento\Framework\Data\Argument\Interpreter\Composite->evaluate(Array)
#18 /var/www/html/vendor/magento/module-ui/Config/Reader/Definition/Data.php(96): Magento\Ui\Config\Reader\Definition\Data->evaluateComponentArguments(Array)
#19 /var/www/html/vendor/magento/module-ui/Config/Reader/Definition/Data.php(75): Magento\Ui\Config\Reader\Definition\Data->initData()
#20 /var/www/html/vendor/magento/framework/ObjectManager/Factory/AbstractFactory.php(121): Magento\Ui\Config\Reader\Definition\Data->__construct(Object(Magento\Ui\Config\Reader\DefinitionFactory), Object(Magento\Framework\App\Cache\Type\Config), Object(Magento\Framework\Serialize\Serializer\Json), Object(Magento\Framework\Data\Argument\Interpreter\Composite))
#21 /var/www/html/vendor/magento/framework/ObjectManager/Factory/Dynamic/Developer.php(66): Magento\Framework\ObjectManager\Factory\AbstractFactory->createObject('Magento\\Ui\\Conf...', Array)
#22 /var/www/html/vendor/magento/framework/ObjectManager/ObjectManager.php(70): Magento\Framework\ObjectManager\Factory\Dynamic\Developer->create('Magento\\Ui\\Conf...')
#23 /var/www/html/vendor/magento/framework/ObjectManager/Factory/AbstractFactory.php(170): Magento\Framework\ObjectManager\ObjectManager->get('Magento\\Ui\\Conf...')
#24 /var/www/html/vendor/magento/framework/ObjectManager/Factory/AbstractFactory.php(276): Magento\Framework\ObjectManager\Factory\AbstractFactory->resolveArgument(Array, 'Magento\\Framewo...', NULL, 'definitionData', 'Magento\\Framewo...')
#25 /var/www/html/vendor/magento/framework/ObjectManager/Factory/AbstractFactory.php(239): Magento\Framework\ObjectManager\Factory\AbstractFactory->getResolvedArgument('Magento\\Framewo...', Array, Array)
#26 /var/www/html/vendor/magento/framework/ObjectManager/Factory/Dynamic/Developer.php(34): Magento\Framework\ObjectManager\Factory\AbstractFactory->resolveArgumentsInRuntime('Magento\\Framewo...', Array, Array)
#27 /var/www/html/vendor/magento/framework/ObjectManager/Factory/Dynamic/Developer.php(59): Magento\Framework\ObjectManager\Factory\Dynamic\Developer->_resolveArguments('Magento\\Framewo...', Array, Array)
#28 /var/www/html/vendor/magento/framework/ObjectManager/ObjectManager.php(70): Magento\Framework\ObjectManager\Factory\Dynamic\Developer->create('Magento\\Framewo...')
#29 /var/www/html/vendor/magento/framework/ObjectManager/Factory/AbstractFactory.php(170): Magento\Framework\ObjectManager\ObjectManager->get('Magento\\Framewo...')
#30 /var/www/html/vendor/magento/framework/ObjectManager/Factory/AbstractFactory.php(276): Magento\Framework\ObjectManager\Factory\AbstractFactory->resolveArgument(Array, 'Magento\\Framewo...', NULL, 'uiComponentFact...', 'Magento\\Framewo...')
#31 /var/www/html/vendor/magento/framework/ObjectManager/Factory/AbstractFactory.php(239): Magento\Framework\ObjectManager\Factory\AbstractFactory->getResolvedArgument('Magento\\Framewo...', Array, Array)
#32 /var/www/html/vendor/magento/framework/ObjectManager/Factory/Dynamic/Developer.php(34): Magento\Framework\ObjectManager\Factory\AbstractFactory->resolveArgumentsInRuntime('Magento\\Framewo...', Array, Array)
#33 /var/www/html/vendor/magento/framework/ObjectManager/Factory/Dynamic/Developer.php(59): Magento\Framework\ObjectManager\Factory\Dynamic\Developer->_resolveArguments('Magento\\Framewo...', Array, Array)
#34 /var/www/html/vendor/magento/framework/ObjectManager/ObjectManager.php(70): Magento\Framework\ObjectManager\Factory\Dynamic\Developer->create('Magento\\Framewo...')
#35 /var/www/html/vendor/magento/framework/ObjectManager/Factory/AbstractFactory.php(206): Magento\Framework\ObjectManager\ObjectManager->get('Magento\\Framewo...')
#36 /var/www/html/vendor/magento/framework/ObjectManager/Factory/AbstractFactory.php(182): Magento\Framework\ObjectManager\Factory\AbstractFactory->parseArray(Array)
#37 /var/www/html/vendor/magento/framework/ObjectManager/Factory/AbstractFactory.php(276): Magento\Framework\ObjectManager\Factory\AbstractFactory->resolveArgument(Array, NULL, NULL, 'generators', 'Magento\\Framewo...')
#38 /var/www/html/vendor/magento/framework/ObjectManager/Factory/AbstractFactory.php(239): Magento\Framework\ObjectManager\Factory\AbstractFactory->getResolvedArgument('Magento\\Framewo...', Array, Array)
#39 /var/www/html/vendor/magento/framework/ObjectManager/Factory/Dynamic/Developer.php(34): Magento\Framework\ObjectManager\Factory\AbstractFactory->resolveArgumentsInRuntime('Magento\\Framewo...', Array, Array)
#40 /var/www/html/vendor/magento/framework/ObjectManager/Factory/Dynamic/Developer.php(59): Magento\Framework\ObjectManager\Factory\Dynamic\Developer->_resolveArguments('Magento\\Framewo...', Array, Array)
#41 /var/www/html/vendor/magento/framework/ObjectManager/ObjectManager.php(70): Magento\Framework\ObjectManager\Factory\Dynamic\Developer->create('Magento\\Framewo...')
#42 /var/www/html/vendor/magento/framework/ObjectManager/Factory/AbstractFactory.php(170): Magento\Framework\ObjectManager\ObjectManager->get('Magento\\Framewo...')
#43 /var/www/html/vendor/magento/framework/ObjectManager/Factory/AbstractFactory.php(276): Magento\Framework\ObjectManager\Factory\AbstractFactory->resolveArgument(Array, 'Magento\\Framewo...', NULL, 'generatorPool', 'Magento\\Framewo...')
#44 /var/www/html/vendor/magento/framework/ObjectManager/Factory/AbstractFactory.php(239): Magento\Framework\ObjectManager\Factory\AbstractFactory->getResolvedArgument('Magento\\Framewo...', Array, Array)
#45 /var/www/html/vendor/magento/framework/ObjectManager/Factory/Dynamic/Developer.php(34): Magento\Framework\ObjectManager\Factory\AbstractFactory->resolveArgumentsInRuntime('Magento\\Framewo...', Array, Array)
#46 /var/www/html/vendor/magento/framework/ObjectManager/Factory/Dynamic/Developer.php(59): Magento\Framework\ObjectManager\Factory\Dynamic\Developer->_resolveArguments('Magento\\Framewo...', Array, Array)
#47 /var/www/html/vendor/magento/framework/ObjectManager/ObjectManager.php(70): Magento\Framework\ObjectManager\Factory\Dynamic\Developer->create('Magento\\Framewo...')
#48 /var/www/html/vendor/magento/framework/ObjectManager/Factory/AbstractFactory.php(170): Magento\Framework\ObjectManager\ObjectManager->get('Magento\\Framewo...')
#49 /var/www/html/vendor/magento/framework/ObjectManager/Factory/AbstractFactory.php(276): Magento\Framework\ObjectManager\Factory\AbstractFactory->resolveArgument(Array, 'Magento\\Framewo...', NULL, 'layout', 'Magento\\Rule\\Mo...')
#50 /var/www/html/vendor/magento/framework/ObjectManager/Factory/AbstractFactory.php(239): Magento\Framework\ObjectManager\Factory\AbstractFactory->getResolvedArgument('Magento\\Rule\\Mo...', Array, Array)
#51 /var/www/html/vendor/magento/framework/ObjectManager/Factory/Dynamic/Developer.php(34): Magento\Framework\ObjectManager\Factory\AbstractFactory->resolveArgumentsInRuntime('Magento\\Rule\\Mo...', Array, Array)
#52 /var/www/html/vendor/magento/framework/ObjectManager/Factory/Dynamic/Developer.php(59): Magento\Framework\ObjectManager\Factory\Dynamic\Developer->_resolveArguments('Magento\\Rule\\Mo...', Array, Array)
#53 /var/www/html/vendor/magento/framework/ObjectManager/ObjectManager.php(70): Magento\Framework\ObjectManager\Factory\Dynamic\Developer->create('Magento\\Rule\\Mo...')
#54 /var/www/html/vendor/magento/framework/ObjectManager/Factory/AbstractFactory.php(170): Magento\Framework\ObjectManager\ObjectManager->get('Magento\\Rule\\Mo...')
#55 /var/www/html/vendor/magento/framework/ObjectManager/Factory/AbstractFactory.php(276): Magento\Framework\ObjectManager\Factory\AbstractFactory->resolveArgument(Array, 'Magento\\Rule\\Mo...', NULL, 'context', 'Magento\\Catalog...')
#56 /var/www/html/vendor/magento/framework/ObjectManager/Factory/AbstractFactory.php(239): Magento\Framework\ObjectManager\Factory\AbstractFactory->getResolvedArgument('Magento\\Catalog...', Array, Array)
#57 /var/www/html/vendor/magento/framework/ObjectManager/Factory/Dynamic/Developer.php(34): Magento\Framework\ObjectManager\Factory\AbstractFactory->resolveArgumentsInRuntime('Magento\\Catalog...', Array, Array)
#58 /var/www/html/vendor/magento/framework/ObjectManager/Factory/Dynamic/Developer.php(59): Magento\Framework\ObjectManager\Factory\Dynamic\Developer->_resolveArguments('Magento\\Catalog...', Array, Array)
#59 /var/www/html/vendor/magento/framework/ObjectManager/ObjectManager.php(56): Magento\Framework\ObjectManager\Factory\Dynamic\Developer->create('Magento\\Catalog...', Array)
#60 /var/www/html/generated/code/Magento/CatalogRule/Model/Rule/Condition/CombineFactory.php(43): Magento\Framework\ObjectManager\ObjectManager->create('\\Magento\\Catalo...', Array)
#61 /var/www/html/vendor/magento/module-catalog-rule/Model/Rule.php(287): Magento\CatalogRule\Model\Rule\Condition\CombineFactory->create()
#62 /var/www/html/generated/code/Magento/CatalogRule/Model/Rule/Interceptor.php(23): Magento\CatalogRule\Model\Rule->getConditionsInstance()
#63 /var/www/html/vendor/magento/module-rule/Model/AbstractModel.php(272): Magento\CatalogRule\Model\Rule\Interceptor->getConditionsInstance()
#64 /var/www/html/vendor/magento/module-rule/Model/AbstractModel.php(207): Magento\Rule\Model\AbstractModel->_resetConditions()
#65 /var/www/html/generated/code/Magento/CatalogRule/Model/Rule/Interceptor.php(401): Magento\Rule\Model\AbstractModel->getConditions()
#66 /var/www/html/vendor/magento/module-catalog-rule/Model/Rule.php(358): Magento\CatalogRule\Model\Rule\Interceptor->getConditions()
#67 /var/www/html/generated/code/Magento/CatalogRule/Model/Rule/Interceptor.php(68): Magento\CatalogRule\Model\Rule->getMatchingProductIds()
#68 /var/www/html/vendor/magento/module-catalog-rule/Model/Indexer/ReindexRuleProduct.php(93): Magento\CatalogRule\Model\Rule\Interceptor->getMatchingProductIds()
#69 /var/www/html/vendor/magento/module-catalog-rule/Model/Indexer/IndexBuilder.php(355): Magento\CatalogRule\Model\Indexer\ReindexRuleProduct->execute(Object(Magento\CatalogRule\Model\Rule\Interceptor), 1000, true)
#70 /var/www/html/vendor/magento/module-catalog-rule/Model/Indexer/IndexBuilder.php(338): Magento\CatalogRule\Model\Indexer\IndexBuilder->doReindexFull()
#71 /var/www/html/vendor/magento/module-catalog-rule/Model/Indexer/AbstractIndexer.php(70): Magento\CatalogRule\Model\Indexer\IndexBuilder->reindexFull()
#72 /var/www/html/vendor/magento/framework/Interception/Interceptor.php(58): Magento\CatalogRule\Model\Indexer\AbstractIndexer->executeFull()
#73 /var/www/html/vendor/magento/framework/Interception/Interceptor.php(138): Magento\CatalogRule\Model\Indexer\Rule\RuleProductIndexer\Interceptor->___callParent('executeFull', Array)
#74 /var/www/html/vendor/magento/framework/Interception/Interceptor.php(153): Magento\CatalogRule\Model\Indexer\Rule\RuleProductIndexer\Interceptor->Magento\Framework\Interception\{closure}()
#75 /var/www/html/generated/code/Magento/CatalogRule/Model/Indexer/Rule/RuleProductIndexer/Interceptor.php(32): Magento\CatalogRule\Model\Indexer\Rule\RuleProductIndexer\Interceptor->___callPlugins('executeFull', Array, Array)
#76 /var/www/html/vendor/magento/module-indexer/Model/Indexer.php(443): Magento\CatalogRule\Model\Indexer\Rule\RuleProductIndexer\Interceptor->executeFull()
#77 /var/www/html/vendor/magento/module-indexer/Model/Indexer/DependencyDecorator.php(268): Magento\Indexer\Model\Indexer->reindexAll()
#78 /var/www/html/vendor/magento/module-configurable-sample-data/Setup/RecurringData.php(60): Magento\Indexer\Model\Indexer\DependencyDecorator->reindexAll()
#79 [internal function]: Magento\ConfigurableSampleData\Setup\RecurringData->reindex()
#80 /var/www/html/vendor/magento/framework/App/State.php(187): call_user_func_array(Array, Array)
#81 /var/www/html/generated/code/Magento/Framework/App/State/Interceptor.php(68): Magento\Framework\App\State->emulateAreaCode('crontab', Array, Array)
#82 /var/www/html/vendor/magento/module-configurable-sample-data/Setup/RecurringData.php(50): Magento\Framework\App\State\Interceptor->emulateAreaCode('crontab', Array)
#83 /var/www/html/setup/src/Magento/Setup/Model/Installer.php(1120): Magento\ConfigurableSampleData\Setup\RecurringData->install(Object(Magento\Setup\Module\DataSetup), Object(Magento\Setup\Model\ModuleContext))
#84 /var/www/html/setup/src/Magento/Setup/Model/Installer.php(963): Magento\Setup\Model\Installer->handleDBSchemaData(Object(Magento\Setup\Module\DataSetup), 'data', Array)
#85 /var/www/html/setup/src/Magento/Setup/Console/Command/UpgradeCommand.php(147): Magento\Setup\Model\Installer->installDataFixtures(Array, true)
#86 /var/www/html/vendor/symfony/console/Command/Command.php(298): Magento\Setup\Console\Command\UpgradeCommand->execute(Object(Symfony\Component\Console\Input\ArgvInput), Object(Symfony\Component\Console\Output\ConsoleOutput))
#87 /var/www/html/vendor/symfony/console/Application.php(1040): Symfony\Component\Console\Command\Command->run(Object(Symfony\Component\Console\Input\ArgvInput), Object(Symfony\Component\Console\Output\ConsoleOutput))
#88 /var/www/html/vendor/symfony/console/Application.php(301): Symfony\Component\Console\Application->doRunCommand(Object(Magento\Setup\Console\Command\UpgradeCommand), Object(Symfony\Component\Console\Input\ArgvInput), Object(Symfony\Component\Console\Output\ConsoleOutput))
#89 /var/www/html/vendor/magento/framework/Console/Cli.php(116): Symfony\Component\Console\Application->doRun(Object(Symfony\Component\Console\Input\ArgvInput), Object(Symfony\Component\Console\Output\ConsoleOutput))
#90 /var/www/html/vendor/symfony/console/Application.php(171): Magento\Framework\Console\Cli->doRun(Object(Symfony\Component\Console\Input\ArgvInput), Object(Symfony\Component\Console\Output\ConsoleOutput))
#91 /var/www/html/bin/magento(23): Symfony\Component\Console\Application->run()
#92 {main} {"exception":"[object] (Magento\\Framework\\Exception\\LocalizedException(code: 0): The XML in file \"/var/www/html/app/code/Devall/CustomCheckout/etc/frontend/routes.xml\" is invalid:
Element 'route', attribute 'frontName': [facet 'pattern'] The value 'checkout/custom' is not accepted by the pattern '[A-Za-z0-9_\\-]{1,}'.
Line: 4

Element 'route', attribute 'frontName': 'checkout/custom' is not a valid value of the atomic type 'routeFrontNameType'.
Line: 4

Element 'route', attribute 'frontName': Warning: No precomputed value available, the value was either invalid or something strange happend.
Line: 4

Verify the XML and try again. at /var/www/html/vendor/magento/framework/Config/Reader/Filesystem.php:156)"} []
